Number of components =            1
Number of bodies =            1
Number of particles =         4000
Number of material sets  =            1
DTScale =      0.100
MUSL method is used 
Material:
1 hiex 1.63d-3 6930
the effective number of material           1
Grid mass CutOff value:   0.2037E-11
 
Number of grid      8084
cells (x,y,z) 2020   1   1
 
     --- body  1 ---
                    mass:  0.1019E-03
          kinetic energy:  0.0000E+00
         internal energy:  0.4370E+03
       --- total ---
              total mass:  0.1019E-03
    total kinetic energy:  0.0000E+00
   total internal energy:  0.4370E+03
 
DT =  0.722E-06
 Step=     1  T= 7.215E-07  K.E.= 0.000E+00  T.E.= 4.371E+02
              Mx= 0.000E+00   My= 0.000E+00   Mz= 0.000E+00
 Step=   139  T= 1.003E-04  K.E.= 1.737E-01  T.E.= 4.371E+02
              Mx= 0.327E-03   My= 0.000E+00   Mz= 0.000E+00
 Step=   278  T= 2.006E-04  K.E.= 3.969E-01  T.E.= 4.370E+02
              Mx= 0.674E-03   My= 0.000E+00   Mz= 0.000E+00
 Step=   416  T= 3.001E-04  K.E.= 6.226E-01  T.E.= 4.370E+02
              Mx= 0.102E-02   My= 0.000E+00   Mz= 0.000E+00
 Step=   555  T= 4.004E-04  K.E.= 8.217E-01  T.E.= 4.369E+02
              Mx= 0.137E-02   My= 0.000E+00   Mz= 0.000E+00
 Step=   693  T= 5.000E-04  K.E.= 1.049E+00  T.E.= 4.369E+02
              Mx= 0.171E-02   My= 0.000E+00   Mz= 0.000E+00
 Step=   832  T= 6.003E-04  K.E.= 1.262E+00  T.E.= 4.368E+02
              Mx= 0.205E-02   My= 0.000E+00   Mz= 0.000E+00
 Step=   971  T= 7.006E-04  K.E.= 1.514E+00  T.E.= 4.367E+02
              Mx= 0.239E-02   My= 0.000E+00   Mz= 0.000E+00
 Step=  1109  T= 8.001E-04  K.E.= 1.717E+00  T.E.= 4.366E+02
              Mx= 0.272E-02   My= 0.000E+00   Mz= 0.000E+00
 Step=  1248  T= 9.004E-04  K.E.= 1.952E+00  T.E.= 4.365E+02
              Mx= 0.305E-02   My= 0.000E+00   Mz= 0.000E+00
 Step=  1386  T= 1.000E-03  K.E.= 2.179E+00  T.E.= 4.364E+02
              Mx= 0.339E-02   My= 0.000E+00   Mz= 0.000E+00
 Write output data
 Step=  1525  T= 1.100E-03  K.E.= 2.424E+00  T.E.= 4.362E+02
              Mx= 0.371E-02   My= 0.000E+00   Mz= 0.000E+00
 Step=  1664  T= 1.201E-03  K.E.= 2.669E+00  T.E.= 4.361E+02
              Mx= 0.404E-02   My= 0.000E+00   Mz= 0.000E+00
 Step=  1802  T= 1.300E-03  K.E.= 2.869E+00  T.E.= 4.359E+02
              Mx= 0.436E-02   My= 0.000E+00   Mz= 0.000E+00
 Step=  1941  T= 1.400E-03  K.E.= 3.122E+00  T.E.= 4.357E+02
              Mx= 0.469E-02   My= 0.000E+00   Mz= 0.000E+00
 Step=  2079  T= 1.500E-03  K.E.= 3.298E+00  T.E.= 4.355E+02
              Mx= 0.501E-02   My= 0.000E+00   Mz= 0.000E+00
 Step=  2218  T= 1.600E-03  K.E.= 3.520E+00  T.E.= 4.353E+02
              Mx= 0.533E-02   My= 0.000E+00   Mz= 0.000E+00
 Step=  2357  T= 1.701E-03  K.E.= 3.757E+00  T.E.= 4.351E+02
              Mx= 0.564E-02   My= 0.000E+00   Mz= 0.000E+00
 Step=  2495  T= 1.800E-03  K.E.= 3.996E+00  T.E.= 4.349E+02
              Mx= 0.596E-02   My= 0.000E+00   Mz= 0.000E+00
 Step=  2634  T= 1.900E-03  K.E.= 4.205E+00  T.E.= 4.347E+02
              Mx= 0.627E-02   My= 0.000E+00   Mz= 0.000E+00
 Step=  2772  T= 2.000E-03  K.E.= 4.499E+00  T.E.= 4.344E+02
              Mx= 0.658E-02   My= 0.000E+00   Mz= 0.000E+00
 Write output data
 Step=  2911  T= 2.100E-03  K.E.= 4.692E+00  T.E.= 4.342E+02
              Mx= 0.689E-02   My= 0.000E+00   Mz= 0.000E+00
 Step=  3050  T= 2.201E-03  K.E.= 4.955E+00  T.E.= 4.339E+02
              Mx= 0.720E-02   My= 0.000E+00   Mz= 0.000E+00
 Step=  3188  T= 2.300E-03  K.E.= 5.199E+00  T.E.= 4.337E+02
              Mx= 0.751E-02   My= 0.000E+00   Mz= 0.000E+00
 Step=  3327  T= 2.400E-03  K.E.= 5.486E+00  T.E.= 4.334E+02
              Mx= 0.782E-02   My= 0.000E+00   Mz= 0.000E+00
 Step=  3465  T= 2.500E-03  K.E.= 5.728E+00  T.E.= 4.331E+02
              Mx= 0.813E-02   My= 0.000E+00   Mz= 0.000E+00
 Step=  3604  T= 2.600E-03  K.E.= 5.881E+00  T.E.= 4.328E+02
              Mx= 0.844E-02   My= 0.000E+00   Mz= 0.000E+00
 Step=  3743  T= 2.701E-03  K.E.= 6.171E+00  T.E.= 4.325E+02
              Mx= 0.875E-02   My= 0.000E+00   Mz= 0.000E+00
 Step=  3881  T= 2.800E-03  K.E.= 6.479E+00  T.E.= 4.321E+02
              Mx= 0.906E-02   My= 0.000E+00   Mz= 0.000E+00
 Step=  4020  T= 2.900E-03  K.E.= 6.734E+00  T.E.= 4.318E+02
              Mx= 0.936E-02   My= 0.000E+00   Mz= 0.000E+00
 Write output data
 Step=  4158  T= 3.000E-03  K.E.= 7.082E+00  T.E.= 4.315E+02
              Mx= 0.967E-02   My= 0.000E+00   Mz= 0.000E+00
 Step=  4297  T= 3.100E-03  K.E.= 7.128E+00  T.E.= 4.311E+02
              Mx= 0.999E-02   My= 0.000E+00   Mz= 0.000E+00
 Step=  4436  T= 3.201E-03  K.E.= 7.547E+00  T.E.= 4.308E+02
              Mx= 0.103E-01   My= 0.000E+00   Mz= 0.000E+00
 Step=  4574  T= 3.300E-03  K.E.= 7.868E+00  T.E.= 4.304E+02
              Mx= 0.106E-01   My= 0.000E+00   Mz= 0.000E+00
 Step=  4713  T= 3.400E-03  K.E.= 8.182E+00  T.E.= 4.300E+02
              Mx= 0.109E-01   My= 0.000E+00   Mz= 0.000E+00
 Step=  4852  T= 3.501E-03  K.E.= 8.421E+00  T.E.= 4.296E+02
              Mx= 0.112E-01   My= 0.000E+00   Mz= 0.000E+00
 Step=  4990  T= 3.600E-03  K.E.= 8.597E+00  T.E.= 4.291E+02
              Mx= 0.115E-01   My= 0.000E+00   Mz= 0.000E+00
 Step=  5129  T= 3.701E-03  K.E.= 8.689E+00  T.E.= 4.287E+02
              Mx= 0.118E-01   My= 0.000E+00   Mz= 0.000E+00
 Step=  5267  T= 3.800E-03  K.E.= 8.895E+00  T.E.= 4.282E+02
              Mx= 0.121E-01   My= 0.000E+00   Mz= 0.000E+00
 Step=  5406  T= 3.900E-03  K.E.= 9.187E+00  T.E.= 4.278E+02
              Mx= 0.124E-01   My= 0.000E+00   Mz= 0.000E+00
 Write output data
 Step=  5545  T= 4.001E-03  K.E.= 9.648E+00  T.E.= 4.273E+02
              Mx= 0.127E-01   My= 0.000E+00   Mz= 0.000E+00
 Step=  5683  T= 4.100E-03  K.E.= 9.735E+00  T.E.= 4.268E+02
              Mx= 0.129E-01   My= 0.000E+00   Mz= 0.000E+00
 Step=  5822  T= 4.201E-03  K.E.= 9.823E+00  T.E.= 4.263E+02
              Mx= 0.132E-01   My= 0.000E+00   Mz= 0.000E+00
 Step=  5960  T= 4.300E-03  K.E.= 1.007E+01  T.E.= 4.259E+02
              Mx= 0.135E-01   My= 0.000E+00   Mz= 0.000E+00
 Step=  6099  T= 4.400E-03  K.E.= 1.047E+01  T.E.= 4.254E+02
              Mx= 0.138E-01   My= 0.000E+00   Mz= 0.000E+00
 Step=  6237  T= 4.500E-03  K.E.= 1.066E+01  T.E.= 4.249E+02
              Mx= 0.140E-01   My= 0.000E+00   Mz= 0.000E+00
 Step=  6376  T= 4.600E-03  K.E.= 1.117E+01  T.E.= 4.244E+02
              Mx= 0.142E-01   My= 0.000E+00   Mz= 0.000E+00
 Step=  6515  T= 4.701E-03  K.E.= 1.126E+01  T.E.= 4.239E+02
              Mx= 0.145E-01   My= 0.000E+00   Mz= 0.000E+00
 Step=  6653  T= 4.800E-03  K.E.= 1.137E+01  T.E.= 4.233E+02
              Mx= 0.148E-01   My= 0.000E+00   Mz= 0.000E+00
 Step=  6792  T= 4.900E-03  K.E.= 1.178E+01  T.E.= 4.228E+02
              Mx= 0.151E-01   My= 0.000E+00   Mz= 0.000E+00
 Step=  6930  T= 5.000E-03  K.E.= 1.201E+01  T.E.= 4.222E+02
              Mx= 0.153E-01   My= 0.000E+00   Mz= 0.000E+00
 Write output data
 Step=  7069  T= 5.100E-03  K.E.= 1.226E+01  T.E.= 4.217E+02
              Mx= 0.156E-01   My= 0.000E+00   Mz= 0.000E+00
 Step=  7208  T= 5.201E-03  K.E.= 1.255E+01  T.E.= 4.211E+02
              Mx= 0.159E-01   My= 0.000E+00   Mz= 0.000E+00
 Step=  7346  T= 5.300E-03  K.E.= 1.302E+01  T.E.= 4.206E+02
              Mx= 0.161E-01   My= 0.000E+00   Mz= 0.000E+00
 Step=  7485  T= 5.400E-03  K.E.= 1.324E+01  T.E.= 4.200E+02
              Mx= 0.164E-01   My= 0.000E+00   Mz= 0.000E+00
 Step=  7623  T= 5.500E-03  K.E.= 1.365E+01  T.E.= 4.194E+02
              Mx= 0.166E-01   My= 0.000E+00   Mz= 0.000E+00
 Step=  7762  T= 5.600E-03  K.E.= 1.382E+01  T.E.= 4.188E+02
              Mx= 0.169E-01   My= 0.000E+00   Mz= 0.000E+00
 Step=  7901  T= 5.701E-03  K.E.= 1.429E+01  T.E.= 4.182E+02
              Mx= 0.172E-01   My= 0.000E+00   Mz= 0.000E+00
 Step=  8039  T= 5.800E-03  K.E.= 1.440E+01  T.E.= 4.176E+02
              Mx= 0.174E-01   My= 0.000E+00   Mz= 0.000E+00
 Step=  8178  T= 5.900E-03  K.E.= 1.472E+01  T.E.= 4.170E+02
              Mx= 0.177E-01   My= 0.000E+00   Mz= 0.000E+00
 Step=  8316  T= 6.000E-03  K.E.= 1.541E+01  T.E.= 4.164E+02
              Mx= 0.179E-01   My= 0.000E+00   Mz= 0.000E+00
 Write output data
 Step=  8455  T= 6.100E-03  K.E.= 1.567E+01  T.E.= 4.158E+02
              Mx= 0.182E-01   My= 0.000E+00   Mz= 0.000E+00
 Step=  8594  T= 6.201E-03  K.E.= 1.604E+01  T.E.= 4.152E+02
              Mx= 0.183E-01   My= 0.000E+00   Mz= 0.000E+00
 Step=  8732  T= 6.300E-03  K.E.= 1.635E+01  T.E.= 4.146E+02
              Mx= 0.186E-01   My= 0.000E+00   Mz= 0.000E+00
 Step=  8871  T= 6.400E-03  K.E.= 1.654E+01  T.E.= 4.139E+02
              Mx= 0.188E-01   My= 0.000E+00   Mz= 0.000E+00
 Step=  9009  T= 6.500E-03  K.E.= 1.699E+01  T.E.= 4.133E+02
              Mx= 0.190E-01   My= 0.000E+00   Mz= 0.000E+00
 Step=  9148  T= 6.600E-03  K.E.= 1.713E+01  T.E.= 4.127E+02
              Mx= 0.193E-01   My= 0.000E+00   Mz= 0.000E+00
 Step=  9287  T= 6.701E-03  K.E.= 1.736E+01  T.E.= 4.120E+02
              Mx= 0.195E-01   My= 0.000E+00   Mz= 0.000E+00
 Step=  9425  T= 6.800E-03  K.E.= 1.789E+01  T.E.= 4.114E+02
              Mx= 0.197E-01   My= 0.000E+00   Mz= 0.000E+00
 Step=  9564  T= 6.900E-03  K.E.= 1.846E+01  T.E.= 4.108E+02
              Mx= 0.200E-01   My= 0.000E+00   Mz= 0.000E+00
 Step=  9702  T= 7.000E-03  K.E.= 1.854E+01  T.E.= 4.101E+02
              Mx= 0.202E-01   My= 0.000E+00   Mz= 0.000E+00
 Write output data
 Step=  9841  T= 7.100E-03  K.E.= 1.903E+01  T.E.= 4.094E+02
              Mx= 0.204E-01   My= 0.000E+00   Mz= 0.000E+00
 Step=  9980  T= 7.201E-03  K.E.= 1.943E+01  T.E.= 4.088E+02
              Mx= 0.207E-01   My= 0.000E+00   Mz= 0.000E+00
 Step= 10118  T= 7.300E-03  K.E.= 1.958E+01  T.E.= 4.081E+02
              Mx= 0.209E-01   My= 0.000E+00   Mz= 0.000E+00
 Step= 10257  T= 7.400E-03  K.E.= 1.980E+01  T.E.= 4.074E+02
              Mx= 0.211E-01   My= 0.000E+00   Mz= 0.000E+00
 Step= 10395  T= 7.500E-03  K.E.= 2.034E+01  T.E.= 4.067E+02
              Mx= 0.213E-01   My= 0.000E+00   Mz= 0.000E+00
 Step= 10534  T= 7.600E-03  K.E.= 2.060E+01  T.E.= 4.060E+02
              Mx= 0.216E-01   My= 0.000E+00   Mz= 0.000E+00
 Step= 10673  T= 7.701E-03  K.E.= 2.073E+01  T.E.= 4.053E+02
              Mx= 0.218E-01   My= 0.000E+00   Mz= 0.000E+00
 Step= 10811  T= 7.800E-03  K.E.= 2.097E+01  T.E.= 4.046E+02
              Mx= 0.220E-01   My= 0.000E+00   Mz= 0.000E+00
 Step= 10950  T= 7.900E-03  K.E.= 2.124E+01  T.E.= 4.039E+02
              Mx= 0.222E-01   My= 0.000E+00   Mz= 0.000E+00
 Step= 11088  T= 8.000E-03  K.E.= 2.173E+01  T.E.= 4.031E+02
              Mx= 0.224E-01   My= 0.000E+00   Mz= 0.000E+00
 Write output data
 Step= 11227  T= 8.100E-03  K.E.= 2.182E+01  T.E.= 4.024E+02
              Mx= 0.225E-01   My= 0.000E+00   Mz= 0.000E+00
 Step= 11366  T= 8.201E-03  K.E.= 2.255E+01  T.E.= 4.017E+02
              Mx= 0.228E-01   My= 0.000E+00   Mz= 0.000E+00
 Step= 11504  T= 8.300E-03  K.E.= 2.256E+01  T.E.= 4.010E+02
              Mx= 0.230E-01   My= 0.000E+00   Mz= 0.000E+00
 Step= 11643  T= 8.400E-03  K.E.= 2.281E+01  T.E.= 4.002E+02
              Mx= 0.232E-01   My= 0.000E+00   Mz= 0.000E+00
 Step= 11781  T= 8.500E-03  K.E.= 2.340E+01  T.E.= 3.995E+02
              Mx= 0.233E-01   My= 0.000E+00   Mz= 0.000E+00
 Step= 11920  T= 8.600E-03  K.E.= 2.319E+01  T.E.= 3.987E+02
              Mx= 0.235E-01   My= 0.000E+00   Mz= 0.000E+00
 Step= 12059  T= 8.701E-03  K.E.= 2.397E+01  T.E.= 3.980E+02
              Mx= 0.237E-01   My= 0.000E+00   Mz= 0.000E+00
 Step= 12197  T= 8.800E-03  K.E.= 2.432E+01  T.E.= 3.971E+02
              Mx= 0.239E-01   My= 0.000E+00   Mz= 0.000E+00
 Step= 12336  T= 8.900E-03  K.E.= 2.479E+01  T.E.= 3.964E+02
              Mx= 0.242E-01   My= 0.000E+00   Mz= 0.000E+00
 Step= 12474  T= 9.000E-03  K.E.= 2.467E+01  T.E.= 3.956E+02
              Mx= 0.243E-01   My= 0.000E+00   Mz= 0.000E+00
 Write output data
 Step= 12613  T= 9.100E-03  K.E.= 2.519E+01  T.E.= 3.948E+02
              Mx= 0.245E-01   My= 0.000E+00   Mz= 0.000E+00
 Step= 12752  T= 9.201E-03  K.E.= 2.519E+01  T.E.= 3.939E+02
              Mx= 0.247E-01   My= 0.000E+00   Mz= 0.000E+00
 Step= 12890  T= 9.300E-03  K.E.= 2.573E+01  T.E.= 3.931E+02
              Mx= 0.249E-01   My= 0.000E+00   Mz= 0.000E+00
 Step= 13029  T= 9.400E-03  K.E.= 2.623E+01  T.E.= 3.923E+02
              Mx= 0.252E-01   My= 0.000E+00   Mz= 0.000E+00
 Step= 13167  T= 9.500E-03  K.E.= 2.662E+01  T.E.= 3.915E+02
              Mx= 0.253E-01   My= 0.000E+00   Mz= 0.000E+00
 Step= 13306  T= 9.600E-03  K.E.= 2.656E+01  T.E.= 3.907E+02
              Mx= 0.254E-01   My= 0.000E+00   Mz= 0.000E+00
